<<<<<<< Updated upstream
[0904/181803.640:ERROR:os_crypt_win.cc(93)] Failed to decrypt: Ключ не может быть использован в указанном состоянии. (0x8009000B)
[0904/181821.247:ERROR:backend_impl.cc(1041)] Critical error found -8
[0904/181821.256:ERROR:entry_impl.cc(1075)] No file for c1030000
[0904/181821.256:WARNING:storage_block-inl.h(146)] Failed data load.
[0904/181821.256:WARNING:storage_block-inl.h(146)] Failed data load.
[0904/181821.256:WARNING:storage_block-inl.h(146)] Failed data load.
[0904/181821.256:WARNING:storage_block-inl.h(146)] Failed data load.
[0904/181821.256:ERROR:entry_impl.cc(1075)] No file for c1030002
[0904/181821.257:WARNING:storage_block-inl.h(146)] Failed data load.
[0904/181821.257:WARNING:storage_block-inl.h(146)] Failed data load.
[0904/181821.257:WARNING:storage_block-inl.h(146)] Failed data load.
[0904/181821.257:WARNING:storage_block-inl.h(146)] Failed data load.
[0904/181821.257:ERROR:entry_impl.cc(1075)] No file for c1030004
[0904/181821.258:WARNING:storage_block-inl.h(146)] Failed data load.
[0904/181821.258:WARNING:storage_block-inl.h(146)] Failed data load.
[0904/181821.258:WARNING:storage_block-inl.h(146)] Failed data load.
[0904/181956.632:WARNING:spdy_session.cc(3431)] Received HEADERS for invalid stream 123
[0904/182004.852:ERROR:gpu_init.cc(426)] Passthrough is not supported, GL is disabled
=======
[0915/115153.226:WARNING:dns_config_service_win.cc(712)] Failed to read DnsConfig.
[0915/115153.369:WARNING:dns_config_service_win.cc(712)] Failed to read DnsConfig.
[0915/115158.230:WARNING:dns_config_service_win.cc(712)] Failed to read DnsConfig.
[0915/115158.373:WARNING:dns_config_service_win.cc(712)] Failed to read DnsConfig.
[0915/115202.464:WARNING:backend_impl.cc(1837)] Destroying invalid entry.
[0915/115202.481:WARNING:backend_impl.cc(1837)] Destroying invalid entry.
[0915/115203.234:WARNING:dns_config_service_win.cc(712)] Failed to read DnsConfig.
[0915/115203.389:WARNING:dns_config_service_win.cc(712)] Failed to read DnsConfig.
[0915/115208.237:WARNING:dns_config_service_win.cc(712)] Failed to read DnsConfig.
[0915/115208.403:WARNING:dns_config_service_win.cc(712)] Failed to read DnsConfig.
[0915/115213.245:WARNING:dns_config_service_win.cc(712)] Failed to read DnsConfig.
[0915/115213.416:WARNING:dns_config_service_win.cc(712)] Failed to read DnsConfig.
[0915/115218.249:WARNING:dns_config_service_win.cc(712)] Failed to read DnsConfig.
[0915/115218.425:WARNING:dns_config_service_win.cc(712)] Failed to read DnsConfig.
[0915/115223.250:WARNING:dns_config_service_win.cc(712)] Failed to read DnsConfig.
[0915/115223.433:WARNING:dns_config_service_win.cc(712)] Failed to read DnsConfig.
[0915/115228.253:WARNING:dns_config_service_win.cc(712)] Failed to read DnsConfig.
[0915/115228.444:WARNING:dns_config_service_win.cc(712)] Failed to read DnsConfig.
[0915/115233.256:WARNING:dns_config_service_win.cc(712)] Failed to read DnsConfig.
[0915/115233.458:WARNING:dns_config_service_win.cc(712)] Failed to read DnsConfig.
[0915/115238.258:WARNING:dns_config_service_win.cc(712)] Failed to read DnsConfig.
[0915/115238.460:WARNING:dns_config_service_win.cc(712)] Failed to read DnsConfig.
[0915/115243.263:WARNING:dns_config_service_win.cc(712)] Failed to read DnsConfig.
[0915/115243.472:WARNING:dns_config_service_win.cc(712)] Failed to read DnsConfig.
[0915/115248.265:WARNING:dns_config_service_win.cc(712)] Failed to read DnsConfig.
[0915/115248.478:WARNING:dns_config_service_win.cc(712)] Failed to read DnsConfig.
[0915/115253.267:WARNING:dns_config_service_win.cc(712)] Failed to read DnsConfig.
[0915/115253.480:WARNING:dns_config_service_win.cc(712)] Failed to read DnsConfig.
[0915/115258.270:WARNING:dns_config_service_win.cc(712)] Failed to read DnsConfig.
[0915/115258.495:WARNING:dns_config_service_win.cc(712)] Failed to read DnsConfig.
[0915/115303.272:WARNING:dns_config_service_win.cc(712)] Failed to read DnsConfig.
[0915/115303.505:WARNING:dns_config_service_win.cc(712)] Failed to read DnsConfig.
[0915/115308.278:WARNING:dns_config_service_win.cc(712)] Failed to read DnsConfig.
[0915/115308.510:WARNING:dns_config_service_win.cc(712)] Failed to read DnsConfig.
[0915/115313.281:WARNING:dns_config_service_win.cc(712)] Failed to read DnsConfig.
[0915/115313.519:WARNING:dns_config_service_win.cc(712)] Failed to read DnsConfig.
[0915/115318.283:WARNING:dns_config_service_win.cc(712)] Failed to read DnsConfig.
[0915/115318.535:WARNING:dns_config_service_win.cc(712)] Failed to read DnsConfig.
[0915/115323.286:WARNING:dns_config_service_win.cc(712)] Failed to read DnsConfig.
[0915/115323.547:WARNING:dns_config_service_win.cc(712)] Failed to read DnsConfig.
[0915/115328.288:WARNING:dns_config_service_win.cc(712)] Failed to read DnsConfig.
[0915/115328.558:WARNING:dns_config_service_win.cc(712)] Failed to read DnsConfig.
[0915/115333.291:WARNING:dns_config_service_win.cc(712)] Failed to read DnsConfig.
[0915/115333.575:WARNING:dns_config_service_win.cc(712)] Failed to read DnsConfig.
[0915/115338.295:WARNING:dns_config_service_win.cc(712)] Failed to read DnsConfig.
[0915/115338.582:WARNING:dns_config_service_win.cc(712)] Failed to read DnsConfig.
[0915/115343.297:WARNING:dns_config_service_win.cc(712)] Failed to read DnsConfig.
[0915/115343.592:WARNING:dns_config_service_win.cc(712)] Failed to read DnsConfig.
[0915/115348.304:WARNING:dns_config_service_win.cc(712)] Failed to read DnsConfig.
[0915/115348.597:WARNING:dns_config_service_win.cc(712)] Failed to read DnsConfig.
[0915/115353.306:WARNING:dns_config_service_win.cc(712)] Failed to read DnsConfig.
[0915/115353.419:ERROR:gpu_init.cc(426)] Passthrough is not supported, GL is disabled
[0915/115353.608:WARNING:dns_config_service_win.cc(712)] Failed to read DnsConfig.
[0915/115358.313:WARNING:dns_config_service_win.cc(712)] Failed to read DnsConfig.
[0915/115358.615:WARNING:dns_config_service_win.cc(712)] Failed to read DnsConfig.
[0915/115403.316:WARNING:dns_config_service_win.cc(712)] Failed to read DnsConfig.
[0915/115403.619:WARNING:dns_config_service_win.cc(712)] Failed to read DnsConfig.
[0915/115408.323:WARNING:dns_config_service_win.cc(712)] Failed to read DnsConfig.
[0915/115408.629:WARNING:dns_config_service_win.cc(712)] Failed to read DnsConfig.
[0915/115413.325:WARNING:dns_config_service_win.cc(712)] Failed to read DnsConfig.
[0915/115413.645:WARNING:dns_config_service_win.cc(712)] Failed to read DnsConfig.
[0915/115418.334:WARNING:dns_config_service_win.cc(712)] Failed to read DnsConfig.
[0915/115418.662:WARNING:dns_config_service_win.cc(712)] Failed to read DnsConfig.
[0915/115423.338:WARNING:dns_config_service_win.cc(712)] Failed to read DnsConfig.
[0915/115423.671:WARNING:dns_config_service_win.cc(712)] Failed to read DnsConfig.
[0915/115428.345:WARNING:dns_config_service_win.cc(712)] Failed to read DnsConfig.
[0915/115428.681:WARNING:dns_config_service_win.cc(712)] Failed to read DnsConfig.
[0915/115433.349:WARNING:dns_config_service_win.cc(712)] Failed to read DnsConfig.
[0915/115433.699:WARNING:dns_config_service_win.cc(712)] Failed to read DnsConfig.
[0915/115438.353:WARNING:dns_config_service_win.cc(712)] Failed to read DnsConfig.
[0915/115438.705:WARNING:dns_config_service_win.cc(712)] Failed to read DnsConfig.
[0915/115443.356:WARNING:dns_config_service_win.cc(712)] Failed to read DnsConfig.
[0915/115443.714:WARNING:dns_config_service_win.cc(712)] Failed to read DnsConfig.
[0915/115448.363:WARNING:dns_config_service_win.cc(712)] Failed to read DnsConfig.
[0915/115448.719:WARNING:dns_config_service_win.cc(712)] Failed to read DnsConfig.
[0915/115453.367:WARNING:dns_config_service_win.cc(712)] Failed to read DnsConfig.
[0915/115453.729:WARNING:dns_config_service_win.cc(712)] Failed to read DnsConfig.
[0915/115458.370:WARNING:dns_config_service_win.cc(712)] Failed to read DnsConfig.
[0915/115458.733:WARNING:dns_config_service_win.cc(712)] Failed to read DnsConfig.
[0915/115503.372:WARNING:dns_config_service_win.cc(712)] Failed to read DnsConfig.
[0915/115503.750:WARNING:dns_config_service_win.cc(712)] Failed to read DnsConfig.
[0915/115508.376:WARNING:dns_config_service_win.cc(712)] Failed to read DnsConfig.
[0915/115508.757:WARNING:dns_config_service_win.cc(712)] Failed to read DnsConfig.
[0915/115513.378:WARNING:dns_config_service_win.cc(712)] Failed to read DnsConfig.
[0915/115513.764:WARNING:dns_config_service_win.cc(712)] Failed to read DnsConfig.
[0915/115518.381:WARNING:dns_config_service_win.cc(712)] Failed to read DnsConfig.
[0915/115518.773:WARNING:dns_config_service_win.cc(712)] Failed to read DnsConfig.
[0915/115523.382:WARNING:dns_config_service_win.cc(712)] Failed to read DnsConfig.
[0915/115523.781:WARNING:dns_config_service_win.cc(712)] Failed to read DnsConfig.
[0915/115528.385:WARNING:dns_config_service_win.cc(712)] Failed to read DnsConfig.
[0915/115528.787:WARNING:dns_config_service_win.cc(712)] Failed to read DnsConfig.
[0915/115533.387:WARNING:dns_config_service_win.cc(712)] Failed to read DnsConfig.
[0915/115533.800:WARNING:dns_config_service_win.cc(712)] Failed to read DnsConfig.
[0915/115538.390:WARNING:dns_config_service_win.cc(712)] Failed to read DnsConfig.
[0915/115538.819:WARNING:dns_config_service_win.cc(712)] Failed to read DnsConfig.
[0915/115543.393:WARNING:dns_config_service_win.cc(712)] Failed to read DnsConfig.
[0915/115543.837:WARNING:dns_config_service_win.cc(712)] Failed to read DnsConfig.
[0915/115548.397:WARNING:dns_config_service_win.cc(712)] Failed to read DnsConfig.
[0915/115548.847:WARNING:dns_config_service_win.cc(712)] Failed to read DnsConfig.
[0915/115553.405:WARNING:dns_config_service_win.cc(712)] Failed to read DnsConfig.
[0915/115553.856:WARNING:dns_config_service_win.cc(712)] Failed to read DnsConfig.
[0915/115558.406:WARNING:dns_config_service_win.cc(712)] Failed to read DnsConfig.
[0915/115558.872:WARNING:dns_config_service_win.cc(712)] Failed to read DnsConfig.
[0915/115603.410:WARNING:dns_config_service_win.cc(712)] Failed to read DnsConfig.
[0915/115603.888:WARNING:dns_config_service_win.cc(712)] Failed to read DnsConfig.
[0915/115608.414:WARNING:dns_config_service_win.cc(712)] Failed to read DnsConfig.
[0915/115608.896:WARNING:dns_config_service_win.cc(712)] Failed to read DnsConfig.
[0915/115613.416:WARNING:dns_config_service_win.cc(712)] Failed to read DnsConfig.
[0915/115613.900:WARNING:dns_config_service_win.cc(712)] Failed to read DnsConfig.
[0915/115618.421:WARNING:dns_config_service_win.cc(712)] Failed to read DnsConfig.
[0915/115618.908:WARNING:dns_config_service_win.cc(712)] Failed to read DnsConfig.
[0915/115623.423:WARNING:dns_config_service_win.cc(712)] Failed to read DnsConfig.
[0915/115623.912:WARNING:dns_config_service_win.cc(712)] Failed to read DnsConfig.
[0915/115628.427:WARNING:dns_config_service_win.cc(712)] Failed to read DnsConfig.
[0915/115628.926:WARNING:dns_config_service_win.cc(712)] Failed to read DnsConfig.
[0915/115633.432:WARNING:dns_config_service_win.cc(712)] Failed to read DnsConfig.
[0915/115633.943:WARNING:dns_config_service_win.cc(712)] Failed to read DnsConfig.
[0915/115638.435:WARNING:dns_config_service_win.cc(712)] Failed to read DnsConfig.
[0915/115638.958:WARNING:dns_config_service_win.cc(712)] Failed to read DnsConfig.
[0915/115643.439:WARNING:dns_config_service_win.cc(712)] Failed to read DnsConfig.
[0915/115643.973:WARNING:dns_config_service_win.cc(712)] Failed to read DnsConfig.
[0915/115648.442:WARNING:dns_config_service_win.cc(712)] Failed to read DnsConfig.
[0915/115648.984:WARNING:dns_config_service_win.cc(712)] Failed to read DnsConfig.
[0915/115653.444:WARNING:dns_config_service_win.cc(712)] Failed to read DnsConfig.
[0915/115653.993:WARNING:dns_config_service_win.cc(712)] Failed to read DnsConfig.
[0915/115658.449:WARNING:dns_config_service_win.cc(712)] Failed to read DnsConfig.
[0915/115659.000:WARNING:dns_config_service_win.cc(712)] Failed to read DnsConfig.
[0915/115703.451:WARNING:dns_config_service_win.cc(712)] Failed to read DnsConfig.
[0915/115704.007:WARNING:dns_config_service_win.cc(712)] Failed to read DnsConfig.
[0915/115708.456:WARNING:dns_config_service_win.cc(712)] Failed to read DnsConfig.
[0915/115709.011:WARNING:dns_config_service_win.cc(712)] Failed to read DnsConfig.
[0915/115713.460:WARNING:dns_config_service_win.cc(712)] Failed to read DnsConfig.
[0915/115714.026:WARNING:dns_config_service_win.cc(712)] Failed to read DnsConfig.
[0915/115718.464:WARNING:dns_config_service_win.cc(712)] Failed to read DnsConfig.
[0915/115719.035:WARNING:dns_config_service_win.cc(712)] Failed to read DnsConfig.
[0915/115723.466:WARNING:dns_config_service_win.cc(712)] Failed to read DnsConfig.
[0915/115724.051:WARNING:dns_config_service_win.cc(712)] Failed to read DnsConfig.
[0915/115728.469:WARNING:dns_config_service_win.cc(712)] Failed to read DnsConfig.
[0915/115729.058:WARNING:dns_config_service_win.cc(712)] Failed to read DnsConfig.
[0915/115733.472:WARNING:dns_config_service_win.cc(712)] Failed to read DnsConfig.
[0915/115734.064:WARNING:dns_config_service_win.cc(712)] Failed to read DnsConfig.
[0915/115738.473:WARNING:dns_config_service_win.cc(712)] Failed to read DnsConfig.
[0915/115739.080:WARNING:dns_config_service_win.cc(712)] Failed to read DnsConfig.
>>>>>>> Stashed changes
